

*******************************************************************************
Thu Dec 17 21:30:58 2015


FIT:    data read from "../donnees/Q12_donnee.dat" using 1:2
        format = x:z
        #datapoints = 1000
        residuals are weighted equally (unit weight)

function used for fitting: f(x)
fitted parameters initialized with current variable values



 Iteration 0
 WSSR        : 1.12295e+07       delta(WSSR)/WSSR   : 0
 delta(WSSR) : 0                 limit for stopping : 1e-05
 lambda	  : 43.8805

initial set of free parameter values

a               = 1
b               = 1

After 4 iterations the fit converged.
final sum of squares of residuals : 9822.25
rel. change during last iteration : -3.83744e-06

degrees of freedom    (FIT_NDF)                        : 998
rms of residuals      (FIT_STDFIT) = sqrt(WSSR/ndf)    : 3.13719
variance of residuals (reduced chisquare) = WSSR/ndf   : 9.84194

Final set of parameters            Asymptotic Standard Error
=======================            ==========================

a               = -1.00159         +/- 0.003454     (0.3448%)
b               = 200.05           +/- 0.2143       (0.1071%)


correlation matrix of the fit parameters:

               a      b      
a               1.000 
b              -0.886  1.000 


*******************************************************************************
Thu Dec 17 21:30:58 2015


FIT:    data read from "../donnees/Q12_donnee.dat" using 1:3
        format = x:z
        #datapoints = 1000
        residuals are weighted equally (unit weight)

function used for fitting: g(x)
fitted parameters initialized with current variable values



 Iteration 0
 WSSR        : 1.12668e+07       delta(WSSR)/WSSR   : 0
 delta(WSSR) : 0                 limit for stopping : 1e-05
 lambda	  : 43.8805

initial set of free parameter values

c               = 1
d               = 1

After 4 iterations the fit converged.
final sum of squares of residuals : 9868.68
rel. change during last iteration : -3.80158e-06

degrees of freedom    (FIT_NDF)                        : 998
rms of residuals      (FIT_STDFIT) = sqrt(WSSR/ndf)    : 3.14459
variance of residuals (reduced chisquare) = WSSR/ndf   : 9.88846

Final set of parameters            Asymptotic Standard Error
=======================            ==========================

c               = -0.983192        +/- 0.003462     (0.3521%)
d               = 199.586          +/- 0.2148       (0.1076%)


correlation matrix of the fit parameters:

               c      d      
c               1.000 
d              -0.886  1.000 


*******************************************************************************
Thu Dec 17 21:30:58 2015


FIT:    data read from "../donnees/Q12_donnee.dat" using 1:4
        format = x:z
        #datapoints = 1000
        residuals are weighted equally (unit weight)

function used for fitting: h(x)
fitted parameters initialized with current variable values



 Iteration 0
 WSSR        : 1.14623e+07       delta(WSSR)/WSSR   : 0
 delta(WSSR) : 0                 limit for stopping : 1e-05
 lambda	  : 43.8805

initial set of free parameter values

e               = 1
f               = 1

After 4 iterations the fit converged.
final sum of squares of residuals : 12299.3
rel. change during last iteration : -3.09287e-06

degrees of freedom    (FIT_NDF)                        : 998
rms of residuals      (FIT_STDFIT) = sqrt(WSSR/ndf)    : 3.51055
variance of residuals (reduced chisquare) = WSSR/ndf   : 12.324

Final set of parameters            Asymptotic Standard Error
=======================            ==========================

e               = -0.991563        +/- 0.003865     (0.3898%)
f               = 200.967          +/- 0.2398       (0.1193%)


correlation matrix of the fit parameters:

               e      f      
e               1.000 
f              -0.886  1.000 
